<?xml version="1.0" encoding="UTF-8"?>
<!-- Generated by org.testng.reporters.JUnitXMLReporter -->
<testsuite ignored="1" hostname="raama" failures="0" tests="27" name="Default test" time="11.75" errors="0" timestamp="2023-08-28T13:24:01 IST">
  <testcase classname="pruthvi1.Frames" name="@BeforeTest B" time="10.991">
    <failure type="org.openqa.selenium.SessionNotCreatedException" message="session not created: This version of ChromeDriver only supports Chrome version 114
Current browser version is 116.0.5845.111 with binary path C:\Program Files\Google\Chrome\Application\chrome.exe
Build info: version: &amp;apos;3.141.59&amp;apos;, revision: &amp;apos;e82be7d358&amp;apos;, time: &amp;apos;2018-11-14T08:17:03&amp;apos;
System info: host: &amp;apos;RAAMA&amp;apos;, ip: &amp;apos;192.168.0.109&amp;apos;, os.name: &amp;apos;Windows 11&amp;apos;, os.arch: &amp;apos;amd64&amp;apos;, os.version: &amp;apos;10.0&amp;apos;, java.version: &amp;apos;20.0.1&amp;apos;
Driver info: driver.version: ChromeDriver
remote stacktrace: Backtrace:
	GetHandleVerifier [0x003AA813+48355]
	(No symbol) [0x0033C4B1]
	(No symbol) [0x00245358]
	(No symbol) [0x002661AC]
	(No symbol) [0x00261EF3]
	(No symbol) [0x00260579]
	(No symbol) [0x00290C55]
	(No symbol) [0x0029093C]
	(No symbol) [0x0028A536]
	(No symbol) [0x002682DC]
	(No symbol) [0x002693DD]
	GetHandleVerifier [0x0060AABD+2539405]
	GetHandleVerifier [0x0064A78F+2800735]
	GetHandleVerifier [0x0064456C+2775612]
	GetHandleVerifier [0x004351E0+616112]
	(No symbol) [0x00345F8C]
	(No symbol) [0x00342328]
	(No symbol) [0x0034240B]
	(No symbol) [0x00334FF7]
	BaseThreadInitThunk [0x75EC6739+25]
	RtlGetFullPathName_UEx [0x77208FEF+1215]
	RtlGetFullPathName_UEx [0x77208FBD+1165]
">
      <![CDATA[org.openqa.selenium.SessionNotCreatedException: session not created: This version of ChromeDriver only supports Chrome version 114
Current browser version is 116.0.5845.111 with binary path C:\Program Files\Google\Chrome\Application\chrome.exe
Build info: version: '3.141.59', revision: 'e82be7d358', time: '2018-11-14T08:17:03'
System info: host: 'RAAMA', ip: '192.168.0.109', os.name: 'Windows 11', os.arch: 'amd64', os.version: '10.0', java.version: '20.0.1'
Driver info: driver.version: ChromeDriver
remote stacktrace: Backtrace:
GetHandleVerifier [0x003AA813+48355]
(No symbol) [0x0033C4B1]
(No symbol) [0x00245358]
(No symbol) [0x002661AC]
(No symbol) [0x00261EF3]
(No symbol) [0x00260579]
(No symbol) [0x00290C55]
(No symbol) [0x0029093C]
(No symbol) [0x0028A536]
(No symbol) [0x002682DC]
(No symbol) [0x002693DD]
GetHandleVerifier [0x0060AABD+2539405]
GetHandleVerifier [0x0064A78F+2800735]
GetHandleVerifier [0x0064456C+2775612]
GetHandleVerifier [0x004351E0+616112]
(No symbol) [0x00345F8C]
(No symbol) [0x00342328]
(No symbol) [0x0034240B]
(No symbol) [0x00334FF7]
BaseThreadInitThunk [0x75EC6739+25]
RtlGetFullPathName_UEx [0x77208FEF+1215]
RtlGetFullPathName_UEx [0x77208FBD+1165]

at java.base/jdk.internal.reflect.DirectConstructorHandleAccessor.newInstance(DirectConstructorHandleAccessor.java:67)
at java.base/java.lang.reflect.Constructor.newInstanceWithCaller(Constructor.java:500)
at java.base/java.lang.reflect.Constructor.newInstance(Constructor.java:484)
at org.openqa.selenium.remote.W3CHandshakeResponse.lambda$errorHandler$0(W3CHandshakeResponse.java:62)
at org.openqa.selenium.remote.HandshakeResponse.lambda$getResponseFunction$0(HandshakeResponse.java:30)
at org.openqa.selenium.remote.ProtocolHandshake.lambda$createSession$0(ProtocolHandshake.java:126)
at java.base/java.util.stream.ReferencePipeline$3$1.accept(ReferencePipeline.java:197)
at java.base/java.util.Spliterators$ArraySpliterator.tryAdvance(Spliterators.java:1016)
at java.base/java.util.stream.ReferencePipeline.forEachWithCancel(ReferencePipeline.java:129)
at java.base/java.util.stream.AbstractPipeline.copyIntoWithCancel(AbstractPipeline.java:527)
at java.base/java.util.stream.AbstractPipeline.copyInto(AbstractPipeline.java:513)
at java.base/java.util.stream.AbstractPipeline.wrapAndCopyInto(AbstractPipeline.java:499)
at java.base/java.util.stream.FindOps$FindOp.evaluateSequential(FindOps.java:150)
at java.base/java.util.stream.AbstractPipeline.evaluate(AbstractPipeline.java:234)
at java.base/java.util.stream.ReferencePipeline.findFirst(ReferencePipeline.java:647)
at org.openqa.selenium.remote.ProtocolHandshake.createSession(ProtocolHandshake.java:128)
at org.openqa.selenium.remote.ProtocolHandshake.createSession(ProtocolHandshake.java:74)
at org.openqa.selenium.remote.HttpCommandExecutor.execute(HttpCommandExecutor.java:136)
at org.openqa.selenium.remote.service.DriverCommandExecutor.execute(DriverCommandExecutor.java:83)
at org.openqa.selenium.remote.RemoteWebDriver.execute(RemoteWebDriver.java:552)
at org.openqa.selenium.remote.RemoteWebDriver.startSession(RemoteWebDriver.java:213)
at org.openqa.selenium.remote.RemoteWebDriver.<init>(RemoteWebDriver.java:131)
at org.openqa.selenium.chrome.ChromeDriver.<init>(ChromeDriver.java:181)
at org.openqa.selenium.chrome.ChromeDriver.<init>(ChromeDriver.java:168)
at org.openqa.selenium.chrome.ChromeDriver.<init>(ChromeDriver.java:123)
at pruthvi1.Frames.B(Frames.java:20)
at java.base/jdk.internal.reflect.DirectMethodHandleAccessor.invoke(DirectMethodHandleAccessor.java:104)
at java.base/java.lang.reflect.Method.invoke(Method.java:578)
at org.testng.internal.MethodInvocationHelper.invokeMethod(MethodInvocationHelper.java:134)
at org.testng.internal.MethodInvocationHelper.invokeMethodConsideringTimeout(MethodInvocationHelper.java:63)
at org.testng.internal.ConfigInvoker.invokeConfigurationMethod(ConfigInvoker.java:348)
at org.testng.internal.ConfigInvoker.invokeConfigurations(ConfigInvoker.java:302)
at org.testng.TestRunner.invokeTestConfigurations(TestRunner.java:619)
at org.testng.TestRunner.beforeRun(TestRunner.java:609)
at org.testng.TestRunner.run(TestRunner.java:580)
at org.testng.SuiteRunner.runTest(SuiteRunner.java:384)
at org.testng.SuiteRunner.runSequentially(SuiteRunner.java:378)
at org.testng.SuiteRunner.privateRun(SuiteRunner.java:337)
at org.testng.SuiteRunner.run(SuiteRunner.java:286)
at org.testng.SuiteRunnerWorker.runSuite(SuiteRunnerWorker.java:53)
at org.testng.SuiteRunnerWorker.run(SuiteRunnerWorker.java:96)
at org.testng.TestNG.runSuitesSequentially(TestNG.java:1187)
at org.testng.TestNG.runSuitesLocally(TestNG.java:1109)
at org.testng.TestNG.runSuites(TestNG.java:1039)
at org.testng.TestNG.run(TestNG.java:1007)
at org.testng.remote.AbstractRemoteTestNG.run(AbstractRemoteTestNG.java:115)
at org.testng.remote.RemoteTestNG.initAndRun(RemoteTestNG.java:251)
at org.testng.remote.RemoteTestNG.main(RemoteTestNG.java:77)
]]>
    </failure>
  </testcase> <!-- @BeforeTest B -->
  <testcase classname="pruthvi1.ajio" name="@BeforeTest test1" time="-1.69320924084E9">
    <skipped/>
  </testcase> <!-- @BeforeTest test1 -->
  <testcase classname="pruthvi1.amazon" name="@BeforeTest test" time="-1.693209240844E9">
    <skipped/>
  </testcase> <!-- @BeforeTest test -->
  <testcase classname="pruthvi1.datadriven" name="@BeforeTest bt" time="-1.693209240847E9">
    <skipped/>
  </testcase> <!-- @BeforeTest bt -->
  <testcase classname="pruthvi1.demo" name="@BeforeTest tt" time="-1.69320924085E9">
    <skipped/>
  </testcase> <!-- @BeforeTest tt -->
  <testcase classname="pruthvi1.flightbooking" name="@BeforeTest tt" time="-1.693209240853E9">
    <skipped/>
  </testcase> <!-- @BeforeTest tt -->
  <testcase classname="pruthvi1.moolya" name="@BeforeTest B" time="-1.693209240856E9">
    <skipped/>
  </testcase> <!-- @BeforeTest B -->
  <testcase classname="pruthvi1.orange" name="@BeforeTest test1" time="-1.693209240863E9">
    <skipped/>
  </testcase> <!-- @BeforeTest test1 -->
  <testcase classname="pruthvi1.orangedemo" name="@BeforeTest test1" time="-1.693209240868E9">
    <skipped/>
  </testcase> <!-- @BeforeTest test1 -->
  <testcase classname="pruthvi1.sample" name="@BeforeTest test1" time="-1.693209240873E9">
    <skipped/>
  </testcase> <!-- @BeforeTest test1 -->
  <testcase classname="pruthvi1.sendkeys" name="@BeforeTest bt" time="-1.693209240878E9">
    <skipped/>
  </testcase> <!-- @BeforeTest bt -->
  <testcase classname="pruthvi1.demo" name="@AfterTest Test3" time="-1.693209241552E9">
    <skipped/>
  </testcase> <!-- @AfterTest Test3 -->
  <testcase classname="pruthvi1.sample" name="login" time="0.0">
    <skipped/>
  </testcase> <!-- login -->
  <testcase classname="pruthvi1.sendkeys" name="test1" time="0.0">
    <skipped/>
  </testcase> <!-- test1 -->
  <testcase classname="pruthvi1.sendkeys" name="test1" time="0.0">
    <skipped/>
  </testcase> <!-- test1 -->
  <testcase classname="pruthvi1.sendkeys" name="test1" time="0.0">
    <skipped/>
  </testcase> <!-- test1 -->
  <testcase classname="pruthvi1.groups" name="Test1" time="0.0">
    <skipped/>
  </testcase> <!-- Test1 -->
  <testcase classname="pruthvi1.groups" name="Test2" time="0.0">
    <skipped/>
  </testcase> <!-- Test2 -->
  <testcase classname="pruthvi1.groups" name="Test3" time="0.0">
    <skipped/>
  </testcase> <!-- Test3 -->
  <testcase classname="pruthvi1.groups" name="Test4" time="0.0">
    <skipped/>
  </testcase> <!-- Test4 -->
  <testcase classname="pruthvi1.orange" name="admin" time="0.0">
    <skipped/>
  </testcase> <!-- admin -->
  <testcase classname="pruthvi1.orange" name="login" time="0.0">
    <skipped/>
  </testcase> <!-- login -->
  <testcase classname="pruthvi1.flightbooking" name="MMT" time="0.0">
    <skipped/>
  </testcase> <!-- MMT -->
  <testcase classname="pruthvi1.flightbooking" name="t2" time="0.0">
    <skipped/>
  </testcase> <!-- t2 -->
  <testcase classname="pruthvi1.flightbooking" name="t3" time="0.0">
    <skipped/>
  </testcase> <!-- t3 -->
  <testcase classname="pruthvi1.Frames" name="test1" time="0.0">
    <skipped/>
  </testcase> <!-- test1 -->
  <testcase classname="pruthvi1.orangedemo" name="login" time="0.0">
    <skipped/>
  </testcase> <!-- login -->
  <testcase classname="pruthvi1.datadriven" name="test1" time="0.0">
    <skipped/>
  </testcase> <!-- test1 -->
  <testcase classname="pruthvi1.amazon" name="test2" time="0.0">
    <skipped/>
  </testcase> <!-- test2 -->
  <testcase classname="pruthvi1.moolya" name="Test1" time="0.0">
    <skipped/>
  </testcase> <!-- Test1 -->
  <testcase classname="pruthvi1.moolya" name="Test2" time="0.0">
    <skipped/>
  </testcase> <!-- Test2 -->
  <testcase classname="pruthvi1.moolya" name="Test3" time="0.0">
    <skipped/>
  </testcase> <!-- Test3 -->
  <testcase classname="pruthvi1.orangedemo" name="admin" time="0.0">
    <skipped/>
  </testcase> <!-- admin -->
  <testcase classname="pruthvi1.demo" name="tt1" time="0.0">
    <skipped/>
  </testcase> <!-- tt1 -->
  <testcase classname="pruthvi1.demo" name="tt2" time="0.0">
    <skipped/>
  </testcase> <!-- tt2 -->
  <testcase classname="pruthvi1.demo" name="t2" time="0.0">
    <skipped/>
  </testcase> <!-- t2 -->
  <testcase classname="pruthvi1.ajio" name="AJ1" time="0.0">
    <skipped/>
  </testcase> <!-- AJ1 -->
  <testcase classname="pruthvi1.ajio" name="Accessories" time="0.0">
    <skipped/>
  </testcase> <!-- Accessories -->
  <testcase classname="pruthvi1.ajio" name="SelectedItem" time="0.0">
    <skipped/>
  </testcase> <!-- SelectedItem -->
  <testcase classname="pruthvi1.orange" name="logout" time="0.0">
    <ignored/>
  </testcase> <!-- logout -->
</testsuite> <!-- Default test -->
